0 info it worked if it ends with ok
1 verbose cli [ '/Users/yanjia.li/n/bin/node',
1 verbose cli   '/Users/yanjia.li/n/bin/npm',
1 verbose cli   'run',
1 verbose cli   'start' ]
2 info using npm@3.10.10
3 info using node@v6.9.5
4 verbose run-script [ 'prestart', 'start', 'poststart' ]
5 info lifecycle penny@0.0.1~prestart: penny@0.0.1
6 silly lifecycle penny@0.0.1~prestart: no script for prestart, continuing
7 info lifecycle penny@0.0.1~start: penny@0.0.1
8 verbose lifecycle penny@0.0.1~start: unsafe-perm in lifecycle true
9 verbose lifecycle penny@0.0.1~start: PATH: /Users/yanjia.li/n/lib/node_modules/npm/bin/node-gyp-bin:/Users/yanjia.li/Projects/penny-web/node_modules/.bin:/Users/yanjia.li/Work/tools/yes/google-cloud-sdk/bin:/Users/yanjia.li/.avn/bin:/usr/local/bin:/usr/bin:/bin:/usr/sbin:/sbin:/usr/local/munki:/Users/yanjia.li/Work/tools/appengine-java-sdk-1.9.37/bin/:/Users/yanjia.li/Library/Android/sdk/platform-tools:/Users/yanjia.li/Library/Android/sdk/tools:/Users/yanjia.li/Library/Android/sdk/platform-tools:/Users/yanjia.li/n/bin
10 verbose lifecycle penny@0.0.1~start: CWD: /Users/yanjia.li/Projects/penny-web
11 silly lifecycle penny@0.0.1~start: Args: [ '-c', 'node server.js' ]
12 silly lifecycle penny@0.0.1~start: Returned: code: 1  signal: null
13 info lifecycle penny@0.0.1~start: Failed to exec start script
14 verbose stack Error: penny@0.0.1 start: `node server.js`
14 verbose stack Exit status 1
14 verbose stack     at EventEmitter.<anonymous> (/Users/yanjia.li/n/lib/node_modules/npm/lib/utils/lifecycle.js:255:16)
14 verbose stack     at emitTwo (events.js:106:13)
14 verbose stack     at EventEmitter.emit (events.js:191:7)
14 verbose stack     at ChildProcess.<anonymous> (/Users/yanjia.li/n/lib/node_modules/npm/lib/utils/spawn.js:40:14)
14 verbose stack     at emitTwo (events.js:106:13)
14 verbose stack     at ChildProcess.emit (events.js:191:7)
14 verbose stack     at maybeClose (internal/child_process.js:877:16)
14 verbose stack     at Process.ChildProcess._handle.onexit (internal/child_process.js:226:5)
15 verbose pkgid penny@0.0.1
16 verbose cwd /Users/yanjia.li/Projects/penny-web
17 error Darwin 16.6.0
18 error argv "/Users/yanjia.li/n/bin/node" "/Users/yanjia.li/n/bin/npm" "run" "start"
19 error node v6.9.5
20 error npm  v3.10.10
21 error code ELIFECYCLE
22 error penny@0.0.1 start: `node server.js`
22 error Exit status 1
23 error Failed at the penny@0.0.1 start script 'node server.js'.
23 error Make sure you have the latest version of node.js and npm installed.
23 error If you do, this is most likely a problem with the penny package,
23 error not with npm itself.
23 error Tell the author that this fails on your system:
23 error     node server.js
23 error You can get information on how to open an issue for this project with:
23 error     npm bugs penny
23 error Or if that isn't available, you can get their info via:
23 error     npm owner ls penny
23 error There is likely additional logging output above.
24 verbose exit [ 1, true ]
